<?xml version="1.0" encoding="UTF-8"?>
<!-- Generated by org.testng.reporters.JUnitReportReporter -->
<testsuite hostname="HIBACL131408" name="testCases.ExecuteTest_UsingExcel" tests="1" failures="0" timestamp="11 Jun 2021 11:45:22 GMT" time="19.793" errors="0">
  <testcase name="testLogin" time="19.793" classname="testCases.ExecuteTest_UsingExcel"/>
</testsuite> <!-- testCases.ExecuteTest_UsingExcel -->
