<?xml version="1.0" encoding="UTF-8"?>
<!-- Generated by org.testng.reporters.JUnitReportReporter -->
<testsuite hostname="HIBACL131408" name="testCases.ExecuteTest_Local" tests="1" failures="0" timestamp="11 Jun 2021 11:33:23 GMT" time="13.482" errors="0">
  <testcase name="TC_001" time="13.482" classname="testCases.ExecuteTest_Local"/>
</testsuite> <!-- testCases.ExecuteTest_Local -->
