<?xml version="1.0" encoding="UTF-8"?>
<!-- Generated by org.testng.reporters.JUnitReportReporter -->
<testsuite hostname="HIBACL131408" name="testCases.Guru99Bank_Login" tests="1" failures="0" timestamp="5 May 2021 14:30:37 GMT" time="4.007" errors="0">
  <testcase name="TC_001" time="4.007" classname="testCases.Guru99Bank_Login"/>
</testsuite> <!-- testCases.Guru99Bank_Login -->
